0 info it worked if it ends with ok
1 verbose cli [ '/home/robert/.nvm/versions/node/v6.0.0/bin/node',
1 verbose cli   '/home/robert/.nvm/versions/node/v6.0.0/bin/npm',
1 verbose cli   'start' ]
2 info using npm@3.8.6
3 info using node@v6.0.0
4 verbose run-script [ 'prestart', 'start', 'poststart' ]
5 info lifecycle portfoliov2@0.0.0~prestart: portfoliov2@0.0.0
6 silly lifecycle portfoliov2@0.0.0~prestart: no script for prestart, continuing
7 info lifecycle portfoliov2@0.0.0~start: portfoliov2@0.0.0
8 verbose lifecycle portfoliov2@0.0.0~start: unsafe-perm in lifecycle true
9 verbose lifecycle portfoliov2@0.0.0~start: PATH: /home/robert/.nvm/versions/node/v6.0.0/lib/node_modules/npm/bin/node-gyp-bin:/home/robert/projects/portfoliov2/node_modules/.bin:/home/robert/.nvm/versions/node/v6.0.0/bin:/home/robert/projects/angular-practice/gcloud/google-cloud-sdk/bin:/home/robert/.nvm/versions/node/v6.0.0/bin:/usr/local/heroku/bin:~/.composer/vendor/bin:/usr/local/sbin:/usr/local/bin:/usr/sbin:/usr/bin:/sbin:/bin:/usr/games:/usr/local/games
10 verbose lifecycle portfoliov2@0.0.0~start: CWD: /home/robert/projects/portfoliov2
11 silly lifecycle portfoliov2@0.0.0~start: Args: [ '-c',
11 silly lifecycle   'pm2 kill && env $(cat .env) pm2 start process.json && pm2 logs' ]
12 silly lifecycle portfoliov2@0.0.0~start: Returned: code: 1  signal: null
13 info lifecycle portfoliov2@0.0.0~start: Failed to exec start script
14 verbose stack Error: portfoliov2@0.0.0 start: `pm2 kill && env $(cat .env) pm2 start process.json && pm2 logs`
14 verbose stack Exit status 1
14 verbose stack     at EventEmitter.<anonymous> (/home/robert/.nvm/versions/node/v6.0.0/lib/node_modules/npm/lib/utils/lifecycle.js:239:16)
14 verbose stack     at emitTwo (events.js:106:13)
14 verbose stack     at EventEmitter.emit (events.js:191:7)
14 verbose stack     at ChildProcess.<anonymous> (/home/robert/.nvm/versions/node/v6.0.0/lib/node_modules/npm/lib/utils/spawn.js:24:14)
14 verbose stack     at emitTwo (events.js:106:13)
14 verbose stack     at ChildProcess.emit (events.js:191:7)
14 verbose stack     at maybeClose (internal/child_process.js:850:16)
14 verbose stack     at Process.ChildProcess._handle.onexit (internal/child_process.js:215:5)
15 verbose pkgid portfoliov2@0.0.0
16 verbose cwd /home/robert/projects/portfoliov2
17 error Linux 3.19.0-25-generic
18 error argv "/home/robert/.nvm/versions/node/v6.0.0/bin/node" "/home/robert/.nvm/versions/node/v6.0.0/bin/npm" "start"
19 error node v6.0.0
20 error npm  v3.8.6
21 error code ELIFECYCLE
22 error portfoliov2@0.0.0 start: `pm2 kill && env $(cat .env) pm2 start process.json && pm2 logs`
22 error Exit status 1
23 error Failed at the portfoliov2@0.0.0 start script 'pm2 kill && env $(cat .env) pm2 start process.json && pm2 logs'.
23 error Make sure you have the latest version of node.js and npm installed.
23 error If you do, this is most likely a problem with the portfoliov2 package,
23 error not with npm itself.
23 error Tell the author that this fails on your system:
23 error     pm2 kill && env $(cat .env) pm2 start process.json && pm2 logs
23 error You can get information on how to open an issue for this project with:
23 error     npm bugs portfoliov2
23 error Or if that isn't available, you can get their info via:
23 error     npm owner ls portfoliov2
23 error There is likely additional logging output above.
24 verbose exit [ 1, true ]
